Build started 2012/8/21 15:20:21.
     1>Project "D:\Documents\学校\作业\毕业设计\Tools\lda\topics\topics.vcxproj" on node 2 (build target(s)).
     1>InitializeBuildStatus:
         Creating "Debug\topics.unsuccessfulbuild" because "AlwaysCreate" was specified.
       ClCompile:
         All outputs are up-to-date.
         All outputs are up-to-date.
       ManifestResourceCompile:
         All outputs are up-to-date.
       Link:
         All outputs are up-to-date.
         C:\Program Files (x86)\Microsoft Visual Studio 10.0\VC\bin\link.exe /ERRORREPORT:PROMPT /OUT:"D:\Documents\学校\作业\毕业设计\Tools\StockDataChooser\Debug\topics.exe" /INCREMENTAL /NOLOGO kernel32.lib user32.lib gdi32.lib winspool.lib comdlg32.lib advapi32.lib shell32.lib ole32.lib oleaut32.lib uuid.lib odbc32.lib odbccp32.lib /MANIFEST /ManifestFile:"Debug\topics.exe.intermediate.manifest" /MANIFESTUAC:"level='asInvoker' uiAccess='false'" /DEBUG /PDB:"D:\Documents\学校\作业\毕业设计\Tools\StockDataChooser\Debug\topics.pdb" /SUBSYSTEM:CONSOLE /TLBID:1 /DYNAMICBASE /NXCOMPAT /IMPLIB:"D:\Documents\学校\作业\毕业设计\Tools\StockDataChooser\Debug\topics.lib" /MACHINE:X86 Debug\topics.exe.embed.manifest.res
         Debug\stdafx.obj
         Debug\topics.obj
       Manifest:
         C:\Program Files (x86)\Microsoft SDKs\Windows\v7.0A\bin\mt.exe /nologo /verbose /out:"Debug\topics.exe.embed.manifest" /manifest Debug\topics.exe.intermediate.manifest
         All outputs are up-to-date.
       LinkEmbedManifest:
         All outputs are up-to-date.
         topics.vcxproj -> D:\Documents\学校\作业\毕业设计\Tools\StockDataChooser\Debug\topics.exe
       FinalizeBuildStatus:
         Deleting file "Debug\topics.unsuccessfulbuild".
         Touching "Debug\topics.lastbuildstate".
     1>Done Building Project "D:\Documents\学校\作业\毕业设计\Tools\lda\topics\topics.vcxproj" (build target(s)).

Build succeeded.

Time Elapsed 00:00:05.26
