Build started 2012/8/21 15:24:05.
     1>Project "D:\Documents\学校\作业\毕业设计\Tools\gmeans\gmeans.vcxproj" on node 2 (build target(s)).
     1>C:\Program Files (x86)\MSBuild\Microsoft.Cpp\v4.0\Microsoft.CppBuild.targets(299,5): warning MSB8004: Output Directory does not end with a trailing slash.  This build instance will add the slash as it is required to allow proper evaluation of the Output Directory.
     1>InitializeBuildStatus:
         Creating "Debug\gmeans.unsuccessfulbuild" because "AlwaysCreate" was specified.
       ClCompile:
         All outputs are up-to-date.
       ManifestResourceCompile:
         All outputs are up-to-date.
       Link:
         C:\Program Files (x86)\Microsoft Visual Studio 10.0\VC\bin\link.exe /ERRORREPORT:PROMPT /OUT:"..\bin\gmeans.exe" /INCREMENTAL /NOLOGO kernel32.lib user32.lib gdi32.lib winspool.lib comdlg32.lib advapi32.lib shell32.lib ole32.lib oleaut32.lib uuid.lib odbc32.lib odbccp32.lib /MANIFEST /ManifestFile:"Debug\gmeans.exe.intermediate.manifest" /MANIFESTUAC:"level='asInvoker' uiAccess='false'" /DEBUG /PDB:"D:\Documents\学校\作业\毕业设计\Tools\bin\gmeans.pdb" /SUBSYSTEM:CONSOLE /TLBID:1 /DYNAMICBASE /NXCOMPAT /IMPLIB:"..\bin\gmeans.lib" /MACHINE:X86 Debug\gmeans.exe.embed.manifest.res
         Debug\DenseMatrix.obj
         Debug\DenseMatrixDouble.obj
         Debug\Diametric_k_means.obj
         Debug\Euclidean_k_means.obj
         Debug\Gmeans.obj
         Debug\gmeans_main.obj
         Debug\IB.obj
         Debug\Kullback_leibler_k_means.obj
         Debug\Matrix.obj
         Debug\mat_vec.obj
         Debug\powermethod.obj
         Debug\RandomGenerator.obj
         Debug\SparseMatrix.obj
         Debug\SparseMatrixDouble.obj
         Debug\Spherical_k_means.obj
         Debug\tools.obj
       Manifest:
         C:\Program Files (x86)\Microsoft SDKs\Windows\v7.0A\bin\mt.exe /nologo /verbose /out:"Debug\gmeans.exe.embed.manifest" /manifest Debug\gmeans.exe.intermediate.manifest
         All outputs are up-to-date.
       LinkEmbedManifest:
         All outputs are up-to-date.
         gmeans.vcxproj -> D:\Documents\学校\作业\毕业设计\Tools\gmeans\..\bin\gmeans.exe
       CopyFilesToOutputDirectory:
         Copying file from "Debug\gmeans.pdb" to "..\bin\gmeans.pdb".
       FinalizeBuildStatus:
         Deleting file "Debug\gmeans.unsuccessfulbuild".
         Touching "Debug\gmeans.lastbuildstate".
     1>Done Building Project "D:\Documents\学校\作业\毕业设计\Tools\gmeans\gmeans.vcxproj" (build target(s)).

Build succeeded.

Time Elapsed 00:00:00.27
